This is pdfTeX, Version 3.141592653-2.6-1.40.25 (MiKTeX 23.10) (preloaded format=pdflatex 2023.12.7)  15 APR 2024 18:51
entering extended mode
 restricted \write18 enabled.
 file:line:error style messages enabled.
 %&-line parsing enabled.
**"c:/Users/liz-1/OneDrive/Escritorio/VS CODE/ActividadGrupal.tex"
(c:/Users/liz-1/OneDrive/Escritorio/VS CODE/ActividadGrupal.tex
LaTeX2e <2023-11-01>
L3 programming layer <2023-11-09>
(C:\Users\liz-1\OneDrive\Escritorio\MikTeex\tex/latex/base\article.cls
Document Class: article 2023/05/17 v1.4n Standard LaTeX document class
(C:\Users\liz-1\OneDrive\Escritorio\MikTeex\tex/latex/base\size12.clo
File: size12.clo 2023/05/17 v1.4n Standard LaTeX file (size option)
)
\c@part=\count186
\c@section=\count187
\c@subsection=\count188
\c@subsubsection=\count189
\c@paragraph=\count190
\c@subparagraph=\count191
\c@figure=\count192
\c@table=\count193
\abovecaptionskip=\skip48
\belowcaptionskip=\skip49
\bibindent=\dimen140
) (C:\Users\liz-1\OneDrive\Escritorio\MikTeex\tex/latex/amsfonts\amsfonts.sty
Package: amsfonts 2013/01/14 v3.01 Basic AMSFonts support
\@emptytoks=\toks17
\symAMSa=\mathgroup4
\symAMSb=\mathgroup5
LaTeX Font Info:    Redeclaring math symbol \hbar on input line 98.
LaTeX Font Info:    Overwriting math alphabet `\mathfrak' in version `bold'
(Font)                  U/euf/m/n --> U/euf/b/n on input line 106.
) (C:\Users\liz-1\OneDrive\Escritorio\MikTeex\tex/latex/amsmath\amsmath.sty
Package: amsmath 2023/05/13 v2.17o AMS math features
\@mathmargin=\skip50

For additional information on amsmath, use the `?' option.
(C:\Users\liz-1\OneDrive\Escritorio\MikTeex\tex/latex/amsmath\amstext.sty
Package: amstext 2021/08/26 v2.01 AMS text
 (C:\Users\liz-1\OneDrive\Escritorio\MikTeex\tex/latex/amsmath\amsgen.sty
File: amsgen.sty 1999/11/30 v2.0 generic functions
\@emptytoks=\toks18
\ex@=\dimen141
)) (C:\Users\liz-1\OneDrive\Escritorio\MikTeex\tex/latex/amsmath\amsbsy.sty
Package: amsbsy 1999/11/29 v1.2d Bold Symbols
\pmbraise@=\dimen142
) (C:\Users\liz-1\OneDrive\Escritorio\MikTeex\tex/latex/amsmath\amsopn.sty
Package: amsopn 2022/04/08 v2.04 operator names
)
\inf@bad=\count194
LaTeX Info: Redefining \frac on input line 234.
\uproot@=\count195
\leftroot@=\count196
LaTeX Info: Redefining \overline on input line 399.
LaTeX Info: Redefining \colon on input line 410.
\classnum@=\count197
\DOTSCASE@=\count198
LaTeX Info: Redefining \ldots on input line 496.
LaTeX Info: Redefining \dots on input line 499.
LaTeX Info: Redefining \cdots on input line 620.
\Mathstrutbox@=\box51
\strutbox@=\box52
LaTeX Info: Redefining \big on input line 722.
LaTeX Info: Redefining \Big on input line 723.
LaTeX Info: Redefining \bigg on input line 724.
LaTeX Info: Redefining \Bigg on input line 725.
\big@size=\dimen143
LaTeX Font Info:    Redeclaring font encoding OML on input line 743.
LaTeX Font Info:    Redeclaring font encoding OMS on input line 744.
\macc@depth=\count199
LaTeX Info: Redefining \bmod on input line 905.
LaTeX Info: Redefining \pmod on input line 910.
LaTeX Info: Redefining \smash on input line 940.
LaTeX Info: Redefining \relbar on input line 970.
LaTeX Info: Redefining \Relbar on input line 971.
\c@MaxMatrixCols=\count266
\dotsspace@=\muskip16
\c@parentequation=\count267
\dspbrk@lvl=\count268
\tag@help=\toks19
\row@=\count269
\column@=\count270
\maxfields@=\count271
\andhelp@=\toks20
\eqnshift@=\dimen144
\alignsep@=\dimen145
\tagshift@=\dimen146
\tagwidth@=\dimen147
\totwidth@=\dimen148
\lineht@=\dimen149
\@envbody=\toks21
\multlinegap=\skip51
\multlinetaggap=\skip52
\mathdisplay@stack=\toks22
LaTeX Info: Redefining \[ on input line 2953.
LaTeX Info: Redefining \] on input line 2954.
) (C:\Users\liz-1\OneDrive\Escritorio\MikTeex\tex/latex/xcolor\xcolor.sty
Package: xcolor 2023/11/15 v3.01 LaTeX color extensions (UK)
 (C:\Users\liz-1\OneDrive\Escritorio\MikTeex\tex/latex/graphics-cfg\color.cfg
File: color.cfg 2016/01/02 v1.6 sample color configuration
)
Package xcolor Info: Driver file: pdftex.def on input line 274.
 (C:\Users\liz-1\OneDrive\Escritorio\MikTeex\tex/latex/graphics-def\pdftex.def
File: pdftex.def 2022/09/22 v1.2b Graphics/color driver for pdftex
) (C:\Users\liz-1\OneDrive\Escritorio\MikTeex\tex/latex/graphics\mathcolor.ltx)
Package xcolor Info: Model `cmy' substituted by `cmy0' on input line 1350.
Package xcolor Info: Model `hsb' substituted by `rgb' on input line 1354.
Package xcolor Info: Model `RGB' extended on input line 1366.
Package xcolor Info: Model `HTML' substituted by `rgb' on input line 1368.
Package xcolor Info: Model `Hsb' substituted by `hsb' on input line 1369.
Package xcolor Info: Model `tHsb' substituted by `hsb' on input line 1370.
Package xcolor Info: Model `HSB' substituted by `hsb' on input line 1371.
Package xcolor Info: Model `Gray' substituted by `gray' on input line 1372.
Package xcolor Info: Model `wave' substituted by `hsb' on input line 1373.
) (C:\Users\liz-1\OneDrive\Escritorio\MikTeex\tex/latex/float\float.sty
Package: float 2001/11/08 v1.3d Float enhancements (AL)
\c@float@type=\count272
\float@exts=\toks23
\float@box=\box53
\@float@everytoks=\toks24
\@floatcapt=\box54
) (C:\Users\liz-1\OneDrive\Escritorio\MikTeex\tex/latex/graphics\graphicx.sty
Package: graphicx 2021/09/16 v1.2d Enhanced LaTeX Graphics (DPC,SPQR)
 (C:\Users\liz-1\OneDrive\Escritorio\MikTeex\tex/latex/graphics\keyval.sty
Package: keyval 2022/05/29 v1.15 key=value parser (DPC)
\KV@toks@=\toks25
) (C:\Users\liz-1\OneDrive\Escritorio\MikTeex\tex/latex/graphics\graphics.sty
Package: graphics 2022/03/10 v1.4e Standard LaTeX Graphics (DPC,SPQR)
 (C:\Users\liz-1\OneDrive\Escritorio\MikTeex\tex/latex/graphics\trig.sty
Package: trig 2021/08/11 v1.11 sin cos tan (DPC)
) (C:\Users\liz-1\OneDrive\Escritorio\MikTeex\tex/latex/graphics-cfg\graphics.cfg
File: graphics.cfg 2016/06/04 v1.11 sample graphics configuration
)
Package graphics Info: Driver file: pdftex.def on input line 107.
)
\Gin@req@height=\dimen150
\Gin@req@width=\dimen151
) (C:\Users\liz-1\OneDrive\Escritorio\MikTeex\tex/latex/amsfonts\amssymb.sty
Package: amssymb 2013/01/14 v3.01 AMS font symbols
) (C:\Users\liz-1\OneDrive\Escritorio\MikTeex\tex/latex/tools\multicol.sty
Package: multicol 2023/03/30 v1.9f multicolumn formatting (FMi)
\c@tracingmulticols=\count273
\mult@box=\box55
\multicol@leftmargin=\dimen152
\c@unbalance=\count274
\c@collectmore=\count275
\doublecol@number=\count276
\multicoltolerance=\count277
\multicolpretolerance=\count278
\full@width=\dimen153
\page@free=\dimen154
\premulticols=\dimen155
\postmulticols=\dimen156
\multicolsep=\skip53
\multicolbaselineskip=\skip54
\partial@page=\box56
\last@line=\box57
\mc@boxedresult=\box58
\maxbalancingoverflow=\dimen157
\mult@rightbox=\box59
\mult@grightbox=\box60
\mult@firstbox=\box61
\mult@gfirstbox=\box62
\@tempa=\box63
\@tempa=\box64
\@tempa=\box65
\@tempa=\box66
\@tempa=\box67
\@tempa=\box68
\@tempa=\box69
\@tempa=\box70
\@tempa=\box71
\@tempa=\box72
\@tempa=\box73
\@tempa=\box74
\@tempa=\box75
\@tempa=\box76
\@tempa=\box77
\@tempa=\box78
\@tempa=\box79
\@tempa=\box80
\@tempa=\box81
\@tempa=\box82
\@tempa=\box83
\@tempa=\box84
\@tempa=\box85
\@tempa=\box86
\@tempa=\box87
\@tempa=\box88
\@tempa=\box89
\@tempa=\box90
\@tempa=\box91
\@tempa=\box92
\@tempa=\box93
\@tempa=\box94
\@tempa=\box95
\@tempa=\box96
\@tempa=\box97
\@tempa=\box98
\c@minrows=\count279
\c@columnbadness=\count280
\c@finalcolumnbadness=\count281
\last@try=\dimen158
\multicolovershoot=\dimen159
\multicolundershoot=\dimen160
\mult@nat@firstbox=\box99
\colbreak@box=\box100
\mc@col@check@num=\count282
) (C:\Users\liz-1\OneDrive\Escritorio\MikTeex\tex/latex/ragged2e\ragged2e.sty
Package: ragged2e 2023/06/22 v3.6 ragged2e Package
\CenteringLeftskip=\skip55
\RaggedLeftLeftskip=\skip56
\RaggedRightLeftskip=\skip57
\CenteringRightskip=\skip58
\RaggedLeftRightskip=\skip59
\RaggedRightRightskip=\skip60
\CenteringParfillskip=\skip61
\RaggedLeftParfillskip=\skip62
\RaggedRightParfillskip=\skip63
\JustifyingParfillskip=\skip64
\CenteringParindent=\skip65
\RaggedLeftParindent=\skip66
\RaggedRightParindent=\skip67
\JustifyingParindent=\skip68
) (C:\Users\liz-1\OneDrive\Escritorio\MikTeex\tex/latex/l3backend\l3backend-pdftex.def
File: l3backend-pdftex.def 2023-11-09 L3 backend support: PDF output (pdfTeX)
\l__color_backend_stack_int=\count283
\l__pdf_internal_box=\box101
) (c:\Users\liz-1\OneDrive\Escritorio\VS CODE\build\ActividadGrupal.aux)
\openout1 = `ActividadGrupal.aux'.

LaTeX Font Info:    Checking defaults for OML/cmm/m/it on input line 20.
LaTeX Font Info:    ... okay on input line 20.
LaTeX Font Info:    Checking defaults for OMS/cmsy/m/n on input line 20.
LaTeX Font Info:    ... okay on input line 20.
LaTeX Font Info:    Checking defaults for OT1/cmr/m/n on input line 20.
LaTeX Font Info:    ... okay on input line 20.
LaTeX Font Info:    Checking defaults for T1/cmr/m/n on input line 20.
LaTeX Font Info:    ... okay on input line 20.
LaTeX Font Info:    Checking defaults for TS1/cmr/m/n on input line 20.
LaTeX Font Info:    ... okay on input line 20.
LaTeX Font Info:    Checking defaults for OMX/cmex/m/n on input line 20.
LaTeX Font Info:    ... okay on input line 20.
LaTeX Font Info:    Checking defaults for U/cmr/m/n on input line 20.
LaTeX Font Info:    ... okay on input line 20.
 (C:\Users\liz-1\OneDrive\Escritorio\MikTeex\tex/context/base/mkii\supp-pdf.mkii
[Loading MPS to PDF converter (version 2006.09.02).]
\scratchcounter=\count284
\scratchdimen=\dimen161
\scratchbox=\box102
\nofMPsegments=\count285
\nofMParguments=\count286
\everyMPshowfont=\toks26
\MPscratchCnt=\count287
\MPscratchDim=\dimen162
\MPnumerator=\count288
\makeMPintoPDFobject=\count289
\everyMPtoPDFconversion=\toks27
) (C:\Users\liz-1\OneDrive\Escritorio\MikTeex\tex/latex/epstopdf-pkg\epstopdf-base.sty
Package: epstopdf-base 2020-01-24 v2.11 Base part for package epstopdf
Package epstopdf-base Info: Redefining graphics rule for `.eps' on input line 485.
 (C:\Users\liz-1\OneDrive\Escritorio\MikTeex\tex/latex/00miktex\epstopdf-sys.cfg
File: epstopdf-sys.cfg 2021/03/18 v2.0 Configuration of epstopdf for MiKTeX
))
LaTeX Font Info:    Trying to load font information for U+msa on input line 23.
 (C:\Users\liz-1\OneDrive\Escritorio\MikTeex\tex/latex/amsfonts\umsa.fd
File: umsa.fd 2013/01/14 v3.01 AMS symbols A
)
LaTeX Font Info:    Trying to load font information for U+msb on input line 23.
 (C:\Users\liz-1\OneDrive\Escritorio\MikTeex\tex/latex/amsfonts\umsb.fd
File: umsb.fd 2013/01/14 v3.01 AMS symbols B
)
Overfull \hbox (36.97485pt too wide) in paragraph at lines 23--23
 [][] 
 []

[1

{C:/Users/liz-1/AppData/Local/MiKTeX/fonts/map/pdftex/pdftex.map}] [1]
<Raíz derivada.PNG, id=20, 450.9347pt x 450.9347pt>
File: Raíz derivada.PNG Graphic file (type png)
<use Raíz derivada.PNG>
Package pdftex.def Info: Raíz derivada.PNG  used on input line 110.
(pdftex.def)             Requested size: 135.28145pt x 135.28145pt.
 [2 <./Raíz derivada.PNG>] [3]
<funcion.PNG, id=32, 902.6222pt x 491.58656pt>
File: funcion.PNG Graphic file (type png)
<use funcion.PNG>
Package pdftex.def Info: funcion.PNG  used on input line 194.
(pdftex.def)             Requested size: 270.78874pt x 147.4771pt.
 [4 <./funcion.PNG>] [5] [6] [7]
<y=S.PNG, id=47, 838.63312pt x 505.89pt>
File: y=S.PNG Graphic file (type png)
<use y=S.PNG>
Package pdftex.def Info: y=S.PNG  used on input line 529.
(pdftex.def)             Requested size: 251.59187pt x 151.76816pt.
 [8 <./y=S.PNG>] [9]
<funcion2.PNG, id=55, 585.68813pt x 458.46281pt>
File: funcion2.PNG Graphic file (type png)
<use funcion2.PNG>
Package pdftex.def Info: funcion2.PNG  used on input line 653.
(pdftex.def)             Requested size: 175.7078pt x 137.5399pt.
 [10 <./funcion2.PNG>] [11] [12] [13] [14] [15] [16] (c:\Users\liz-1\OneDrive\Escritorio\VS CODE\build\ActividadGrupal.aux)
 ***********
LaTeX2e <2023-11-01>
L3 programming layer <2023-11-09>
 ***********
 ) 
Here is how much of TeX's memory you used:
 3387 strings out of 474586
 50957 string characters out of 5746711
 1938558 words of memory out of 5000000
 25549 multiletter control sequences out of 15000+600000
 566877 words of font info for 70 fonts, out of 8000000 for 9000
 1141 hyphenation exceptions out of 8191
 57i,8n,65p,589b,233s stack positions out of 10000i,1000n,20000p,200000b,200000s
 <C:\Users\liz-1\AppData\Local\MiKTeX\fonts/pk/ljfour/jknappen/ec/dpi600\tcrm1200.pk><C:/Users/liz-1/OneDrive/Escritorio/MikTeex/fonts/type1/public/amsfonts/cm/cmbx12.pfb><C:/Users/liz-1/OneDrive/Escritorio/MikTeex/fonts/type1/public/amsfonts/cm/cmex10.pfb><C:/Users/liz-1/OneDrive/Escritorio/MikTeex/fonts/type1/public/amsfonts/cmextra/cmex8.pfb><C:/Users/liz-1/OneDrive/Escritorio/MikTeex/fonts/type1/public/amsfonts/cm/cmmi12.pfb><C:/Users/liz-1/OneDrive/Escritorio/MikTeex/fonts/type1/public/amsfonts/cm/cmmi6.pfb><C:/Users/liz-1/OneDrive/Escritorio/MikTeex/fonts/type1/public/amsfonts/cm/cmmi8.pfb><C:/Users/liz-1/OneDrive/Escritorio/MikTeex/fonts/type1/public/amsfonts/cm/cmr12.pfb><C:/Users/liz-1/OneDrive/Escritorio/MikTeex/fonts/type1/public/amsfonts/cm/cmr17.pfb><C:/Users/liz-1/OneDrive/Escritorio/MikTeex/fonts/type1/public/amsfonts/cm/cmr6.pfb><C:/Users/liz-1/OneDrive/Escritorio/MikTeex/fonts/type1/public/amsfonts/cm/cmr8.pfb><C:/Users/liz-1/OneDrive/Escritorio/MikTeex/fonts/type1/public/amsfonts/cm/cmsy10.pfb><C:/Users/liz-1/OneDrive/Escritorio/MikTeex/fonts/type1/public/amsfonts/cm/cmsy6.pfb><C:/Users/liz-1/OneDrive/Escritorio/MikTeex/fonts/type1/public/amsfonts/cm/cmsy8.pfb><C:/Users/liz-1/OneDrive/Escritorio/MikTeex/fonts/type1/public/amsfonts/symbols/msbm10.pfb>
Output written on "c:\Users\liz-1\OneDrive\Escritorio\VS CODE\build\ActividadGrupal.pdf" (17 pages, 321867 bytes).
PDF statistics:
 141 PDF objects out of 1000 (max. 8388607)
 0 named destinations out of 1000 (max. 500000)
 21 words of extra memory for PDF output out of 10000 (max. 10000000)

