This is pdfTeX, Version 3.141592653-2.6-1.40.25 (MiKTeX 23.10) (preloaded format=pdflatex 2023.12.7)  4 MAY 2024 19:09
entering extended mode
 restricted \write18 enabled.
 file:line:error style messages enabled.
 %&-line parsing enabled.
**"c:/Users/liz-1/OneDrive/Escritorio/Cálculo y Geometría diferencial/Laboratorio.tex"
(c:/Users/liz-1/OneDrive/Escritorio/Cálculo y Geometría diferencial/Laboratorio.tex
LaTeX2e <2023-11-01>
L3 programming layer <2023-11-09>
(C:\Users\liz-1\OneDrive\Escritorio\MikTeex\tex/latex/base\article.cls
Document Class: article 2023/05/17 v1.4n Standard LaTeX document class
(C:\Users\liz-1\OneDrive\Escritorio\MikTeex\tex/latex/base\size10.clo
File: size10.clo 2023/05/17 v1.4n Standard LaTeX file (size option)
)
\c@part=\count186
\c@section=\count187
\c@subsection=\count188
\c@subsubsection=\count189
\c@paragraph=\count190
\c@subparagraph=\count191
\c@figure=\count192
\c@table=\count193
\abovecaptionskip=\skip48
\belowcaptionskip=\skip49
\bibindent=\dimen140
) (C:\Users\liz-1\OneDrive\Escritorio\MikTeex\tex/latex/amsfonts\amsfonts.sty
Package: amsfonts 2013/01/14 v3.01 Basic AMSFonts support
\@emptytoks=\toks17
\symAMSa=\mathgroup4
\symAMSb=\mathgroup5
LaTeX Font Info:    Redeclaring math symbol \hbar on input line 98.
LaTeX Font Info:    Overwriting math alphabet `\mathfrak' in version `bold'
(Font)                  U/euf/m/n --> U/euf/b/n on input line 106.
) (C:\Users\liz-1\OneDrive\Escritorio\MikTeex\tex/latex/amsmath\amsmath.sty
Package: amsmath 2023/05/13 v2.17o AMS math features
\@mathmargin=\skip50

For additional information on amsmath, use the `?' option.
(C:\Users\liz-1\OneDrive\Escritorio\MikTeex\tex/latex/amsmath\amstext.sty
Package: amstext 2021/08/26 v2.01 AMS text
 (C:\Users\liz-1\OneDrive\Escritorio\MikTeex\tex/latex/amsmath\amsgen.sty
File: amsgen.sty 1999/11/30 v2.0 generic functions
\@emptytoks=\toks18
\ex@=\dimen141
)) (C:\Users\liz-1\OneDrive\Escritorio\MikTeex\tex/latex/amsmath\amsbsy.sty
Package: amsbsy 1999/11/29 v1.2d Bold Symbols
\pmbraise@=\dimen142
) (C:\Users\liz-1\OneDrive\Escritorio\MikTeex\tex/latex/amsmath\amsopn.sty
Package: amsopn 2022/04/08 v2.04 operator names
)
\inf@bad=\count194
LaTeX Info: Redefining \frac on input line 234.
\uproot@=\count195
\leftroot@=\count196
LaTeX Info: Redefining \overline on input line 399.
LaTeX Info: Redefining \colon on input line 410.
\classnum@=\count197
\DOTSCASE@=\count198
LaTeX Info: Redefining \ldots on input line 496.
LaTeX Info: Redefining \dots on input line 499.
LaTeX Info: Redefining \cdots on input line 620.
\Mathstrutbox@=\box51
\strutbox@=\box52
LaTeX Info: Redefining \big on input line 722.
LaTeX Info: Redefining \Big on input line 723.
LaTeX Info: Redefining \bigg on input line 724.
LaTeX Info: Redefining \Bigg on input line 725.
\big@size=\dimen143
LaTeX Font Info:    Redeclaring font encoding OML on input line 743.
LaTeX Font Info:    Redeclaring font encoding OMS on input line 744.
\macc@depth=\count199
LaTeX Info: Redefining \bmod on input line 905.
LaTeX Info: Redefining \pmod on input line 910.
LaTeX Info: Redefining \smash on input line 940.
LaTeX Info: Redefining \relbar on input line 970.
LaTeX Info: Redefining \Relbar on input line 971.
\c@MaxMatrixCols=\count266
\dotsspace@=\muskip16
\c@parentequation=\count267
\dspbrk@lvl=\count268
\tag@help=\toks19
\row@=\count269
\column@=\count270
\maxfields@=\count271
\andhelp@=\toks20
\eqnshift@=\dimen144
\alignsep@=\dimen145
\tagshift@=\dimen146
\tagwidth@=\dimen147
\totwidth@=\dimen148
\lineht@=\dimen149
\@envbody=\toks21
\multlinegap=\skip51
\multlinetaggap=\skip52
\mathdisplay@stack=\toks22
LaTeX Info: Redefining \[ on input line 2953.
LaTeX Info: Redefining \] on input line 2954.
) (C:\Users\liz-1\OneDrive\Escritorio\MikTeex\tex/latex/xcolor\xcolor.sty
Package: xcolor 2023/11/15 v3.01 LaTeX color extensions (UK)
 (C:\Users\liz-1\OneDrive\Escritorio\MikTeex\tex/latex/graphics-cfg\color.cfg
File: color.cfg 2016/01/02 v1.6 sample color configuration
)
Package xcolor Info: Driver file: pdftex.def on input line 274.
 (C:\Users\liz-1\OneDrive\Escritorio\MikTeex\tex/latex/graphics-def\pdftex.def
File: pdftex.def 2022/09/22 v1.2b Graphics/color driver for pdftex
) (C:\Users\liz-1\OneDrive\Escritorio\MikTeex\tex/latex/graphics\mathcolor.ltx)
Package xcolor Info: Model `cmy' substituted by `cmy0' on input line 1350.
Package xcolor Info: Model `hsb' substituted by `rgb' on input line 1354.
Package xcolor Info: Model `RGB' extended on input line 1366.
Package xcolor Info: Model `HTML' substituted by `rgb' on input line 1368.
Package xcolor Info: Model `Hsb' substituted by `hsb' on input line 1369.
Package xcolor Info: Model `tHsb' substituted by `hsb' on input line 1370.
Package xcolor Info: Model `HSB' substituted by `hsb' on input line 1371.
Package xcolor Info: Model `Gray' substituted by `gray' on input line 1372.
Package xcolor Info: Model `wave' substituted by `hsb' on input line 1373.
) (C:\Users\liz-1\OneDrive\Escritorio\MikTeex\tex/latex/float\float.sty
Package: float 2001/11/08 v1.3d Float enhancements (AL)
\c@float@type=\count272
\float@exts=\toks23
\float@box=\box53
\@float@everytoks=\toks24
\@floatcapt=\box54
) (C:\Users\liz-1\OneDrive\Escritorio\MikTeex\tex/latex/graphics\graphicx.sty
Package: graphicx 2021/09/16 v1.2d Enhanced LaTeX Graphics (DPC,SPQR)
 (C:\Users\liz-1\OneDrive\Escritorio\MikTeex\tex/latex/graphics\keyval.sty
Package: keyval 2022/05/29 v1.15 key=value parser (DPC)
\KV@toks@=\toks25
) (C:\Users\liz-1\OneDrive\Escritorio\MikTeex\tex/latex/graphics\graphics.sty
Package: graphics 2022/03/10 v1.4e Standard LaTeX Graphics (DPC,SPQR)
 (C:\Users\liz-1\OneDrive\Escritorio\MikTeex\tex/latex/graphics\trig.sty
Package: trig 2021/08/11 v1.11 sin cos tan (DPC)
) (C:\Users\liz-1\OneDrive\Escritorio\MikTeex\tex/latex/graphics-cfg\graphics.cfg
File: graphics.cfg 2016/06/04 v1.11 sample graphics configuration
)
Package graphics Info: Driver file: pdftex.def on input line 107.
)
\Gin@req@height=\dimen150
\Gin@req@width=\dimen151
) (C:\Users\liz-1\OneDrive\Escritorio\MikTeex\tex/latex/amsfonts\amssymb.sty
Package: amssymb 2013/01/14 v3.01 AMS font symbols
) (C:\Users\liz-1\OneDrive\Escritorio\MikTeex\tex/latex/tools\multicol.sty
Package: multicol 2023/03/30 v1.9f multicolumn formatting (FMi)
\c@tracingmulticols=\count273
\mult@box=\box55
\multicol@leftmargin=\dimen152
\c@unbalance=\count274
\c@collectmore=\count275
\doublecol@number=\count276
\multicoltolerance=\count277
\multicolpretolerance=\count278
\full@width=\dimen153
\page@free=\dimen154
\premulticols=\dimen155
\postmulticols=\dimen156
\multicolsep=\skip53
\multicolbaselineskip=\skip54
\partial@page=\box56
\last@line=\box57
\mc@boxedresult=\box58
\maxbalancingoverflow=\dimen157
\mult@rightbox=\box59
\mult@grightbox=\box60
\mult@firstbox=\box61
\mult@gfirstbox=\box62
\@tempa=\box63
\@tempa=\box64
\@tempa=\box65
\@tempa=\box66
\@tempa=\box67
\@tempa=\box68
\@tempa=\box69
\@tempa=\box70
\@tempa=\box71
\@tempa=\box72
\@tempa=\box73
\@tempa=\box74
\@tempa=\box75
\@tempa=\box76
\@tempa=\box77
\@tempa=\box78
\@tempa=\box79
\@tempa=\box80
\@tempa=\box81
\@tempa=\box82
\@tempa=\box83
\@tempa=\box84
\@tempa=\box85
\@tempa=\box86
\@tempa=\box87
\@tempa=\box88
\@tempa=\box89
\@tempa=\box90
\@tempa=\box91
\@tempa=\box92
\@tempa=\box93
\@tempa=\box94
\@tempa=\box95
\@tempa=\box96
\@tempa=\box97
\@tempa=\box98
\c@minrows=\count279
\c@columnbadness=\count280
\c@finalcolumnbadness=\count281
\last@try=\dimen158
\multicolovershoot=\dimen159
\multicolundershoot=\dimen160
\mult@nat@firstbox=\box99
\colbreak@box=\box100
\mc@col@check@num=\count282
) (C:\Users\liz-1\OneDrive\Escritorio\MikTeex\tex/generic/babel\babel.sty
Package: babel 2023/11/11 v3.97 The Babel package
\babel@savecnt=\count283
\U@D=\dimen161
\l@unhyphenated=\language79
 (C:\Users\liz-1\OneDrive\Escritorio\MikTeex\tex/generic/babel\txtbabel.def)
\bbl@readstream=\read2
\bbl@dirlevel=\count284

*************************************
* Local config file bblopts.cfg used
*
(C:\Users\liz-1\OneDrive\Escritorio\MikTeex\tex/latex/arabi\bblopts.cfg
File: bblopts.cfg 2005/09/08 v0.1 add Arabic and Farsi to "declared" options of babel
) (C:\Users\liz-1\OneDrive\Escritorio\MikTeex\tex/latex/babel-spanish\spanish.ldf
Language: spanish.ldf 2021/05/27 v5.0q Spanish support from the babel system
\es@quottoks=\toks26
\es@quotdepth=\count285
Package babel Info: Making " an active character on input line 570.
Package babel Info: Making . an active character on input line 675.
Package babel Info: Making < an active character on input line 722.
Package babel Info: Making > an active character on input line 722.
)) (C:\Users\liz-1\OneDrive\Escritorio\MikTeex\tex/generic/babel/locale/es\babel-spanish.tex
Package babel Info: Importing font and identification data for spanish
(babel)             from babel-es.ini. Reported on input line 11.
) (C:\Users\liz-1\OneDrive\Escritorio\MikTeex\tex/latex/hyperref\hyperref.sty
Package: hyperref 2023-11-09 v7.01f Hypertext links for LaTeX
 (C:\Users\liz-1\OneDrive\Escritorio\MikTeex\tex/generic/ltxcmds\ltxcmds.sty
Package: ltxcmds 2020-05-10 v1.25 LaTeX kernel commands for general use (HO)
) (C:\Users\liz-1\OneDrive\Escritorio\MikTeex\tex/generic/iftex\iftex.sty
Package: iftex 2022/02/03 v1.0f TeX engine tests
) (C:\Users\liz-1\OneDrive\Escritorio\MikTeex\tex/generic/pdftexcmds\pdftexcmds.sty
Package: pdftexcmds 2020-06-27 v0.33 Utility functions of pdfTeX for LuaTeX (HO)
 (C:\Users\liz-1\OneDrive\Escritorio\MikTeex\tex/generic/infwarerr\infwarerr.sty
Package: infwarerr 2019/12/03 v1.5 Providing info/warning/error messages (HO)
)
Package pdftexcmds Info: \pdf@primitive is available.
Package pdftexcmds Info: \pdf@ifprimitive is available.
Package pdftexcmds Info: \pdfdraftmode found.
) (C:\Users\liz-1\OneDrive\Escritorio\MikTeex\tex/latex/kvsetkeys\kvsetkeys.sty
Package: kvsetkeys 2022-10-05 v1.19 Key value parser (HO)
) (C:\Users\liz-1\OneDrive\Escritorio\MikTeex\tex/generic/kvdefinekeys\kvdefinekeys.sty
Package: kvdefinekeys 2019-12-19 v1.6 Define keys (HO)
) (C:\Users\liz-1\OneDrive\Escritorio\MikTeex\tex/generic/pdfescape\pdfescape.sty
Package: pdfescape 2019/12/09 v1.15 Implements pdfTeX's escape features (HO)
) (C:\Users\liz-1\OneDrive\Escritorio\MikTeex\tex/latex/hycolor\hycolor.sty
Package: hycolor 2020-01-27 v1.10 Color options for hyperref/bookmark (HO)
) (C:\Users\liz-1\OneDrive\Escritorio\MikTeex\tex/latex/letltxmacro\letltxmacro.sty
Package: letltxmacro 2019/12/03 v1.6 Let assignment for LaTeX macros (HO)
) (C:\Users\liz-1\OneDrive\Escritorio\MikTeex\tex/latex/auxhook\auxhook.sty
Package: auxhook 2019-12-17 v1.6 Hooks for auxiliary files (HO)
) (C:\Users\liz-1\OneDrive\Escritorio\MikTeex\tex/latex/hyperref\nameref.sty
Package: nameref 2023-11-09 v2.55 Cross-referencing by name of section
 (C:\Users\liz-1\OneDrive\Escritorio\MikTeex\tex/latex/refcount\refcount.sty
Package: refcount 2019/12/15 v3.6 Data extraction from label references (HO)
) (C:\Users\liz-1\OneDrive\Escritorio\MikTeex\tex/generic/gettitlestring\gettitlestring.sty
Package: gettitlestring 2019/12/15 v1.6 Cleanup title references (HO)
 (C:\Users\liz-1\OneDrive\Escritorio\MikTeex\tex/latex/kvoptions\kvoptions.sty
Package: kvoptions 2022-06-15 v3.15 Key value format for package options (HO)
))
\c@section@level=\count286
) (C:\Users\liz-1\OneDrive\Escritorio\MikTeex\tex/latex/etoolbox\etoolbox.sty
Package: etoolbox 2020/10/05 v2.5k e-TeX tools for LaTeX (JAW)
\etb@tempcnta=\count287
)
\@linkdim=\dimen162
\Hy@linkcounter=\count288
\Hy@pagecounter=\count289
 (C:\Users\liz-1\OneDrive\Escritorio\MikTeex\tex/latex/hyperref\pd1enc.def
File: pd1enc.def 2023-11-09 v7.01f Hyperref: PDFDocEncoding definition (HO)
Now handling font encoding PD1 ...
... no UTF-8 mapping file for font encoding PD1
) (C:\Users\liz-1\OneDrive\Escritorio\MikTeex\tex/generic/intcalc\intcalc.sty
Package: intcalc 2019/12/15 v1.3 Expandable calculations with integers (HO)
)
\Hy@SavedSpaceFactor=\count290
 (C:\Users\liz-1\OneDrive\Escritorio\MikTeex\tex/latex/hyperref\puenc.def
File: puenc.def 2023-11-09 v7.01f Hyperref: PDF Unicode definition (HO)
Now handling font encoding PU ...
... no UTF-8 mapping file for font encoding PU
)
Package hyperref Info: Hyper figures OFF on input line 4171.
Package hyperref Info: Link nesting OFF on input line 4176.
Package hyperref Info: Hyper index ON on input line 4179.
Package hyperref Info: Plain pages OFF on input line 4186.
Package hyperref Info: Backreferencing OFF on input line 4191.
Package hyperref Info: Implicit mode ON; LaTeX internals redefined.
Package hyperref Info: Bookmarks ON on input line 4438.
\c@Hy@tempcnt=\count291
 (C:\Users\liz-1\OneDrive\Escritorio\MikTeex\tex/latex/url\url.sty
\Urlmuskip=\muskip17
Package: url 2013/09/16  ver 3.4  Verb mode for urls, etc.
)
LaTeX Info: Redefining \url on input line 4776.
\XeTeXLinkMargin=\dimen163
 (C:\Users\liz-1\OneDrive\Escritorio\MikTeex\tex/generic/bitset\bitset.sty
Package: bitset 2019/12/09 v1.3 Handle bit-vector datatype (HO)
 (C:\Users\liz-1\OneDrive\Escritorio\MikTeex\tex/generic/bigintcalc\bigintcalc.sty
Package: bigintcalc 2019/12/15 v1.5 Expandable calculations on big integers (HO)
))
\Fld@menulength=\count292
\Field@Width=\dimen164
\Fld@charsize=\dimen165
Package hyperref Info: Hyper figures OFF on input line 6055.
Package hyperref Info: Link nesting OFF on input line 6060.
Package hyperref Info: Hyper index ON on input line 6063.
Package hyperref Info: backreferencing OFF on input line 6070.
Package hyperref Info: Link coloring OFF on input line 6075.
Package hyperref Info: Link coloring with OCG OFF on input line 6080.
Package hyperref Info: PDF/A mode OFF on input line 6085.
 (C:\Users\liz-1\OneDrive\Escritorio\MikTeex\tex/latex/base\atbegshi-ltx.sty
Package: atbegshi-ltx 2021/01/10 v1.0c Emulation of the original atbegshi
package with kernel methods
)
\Hy@abspage=\count293
\c@Item=\count294
\c@Hfootnote=\count295
)
Package hyperref Info: Driver (autodetected): hpdftex.
 (C:\Users\liz-1\OneDrive\Escritorio\MikTeex\tex/latex/hyperref\hpdftex.def
File: hpdftex.def 2023-11-09 v7.01f Hyperref driver for pdfTeX
 (C:\Users\liz-1\OneDrive\Escritorio\MikTeex\tex/latex/base\atveryend-ltx.sty
Package: atveryend-ltx 2020/08/19 v1.0a Emulation of the original atveryend package
with kernel methods
)
\Fld@listcount=\count296
\c@bookmark@seq@number=\count297
 (C:\Users\liz-1\OneDrive\Escritorio\MikTeex\tex/latex/rerunfilecheck\rerunfilecheck.sty
Package: rerunfilecheck 2022-07-10 v1.10 Rerun checks for auxiliary files (HO)
 (C:\Users\liz-1\OneDrive\Escritorio\MikTeex\tex/generic/uniquecounter\uniquecounter.sty
Package: uniquecounter 2019/12/15 v1.4 Provide unlimited unique counter (HO)
)
Package uniquecounter Info: New unique counter `rerunfilecheck' on input line 285.
)
\Hy@SectionHShift=\skip55
) (C:\Users\liz-1\OneDrive\Escritorio\MikTeex\tex/latex/ragged2e\ragged2e.sty
Package: ragged2e 2023/06/22 v3.6 ragged2e Package
\CenteringLeftskip=\skip56
\RaggedLeftLeftskip=\skip57
\RaggedRightLeftskip=\skip58
\CenteringRightskip=\skip59
\RaggedLeftRightskip=\skip60
\RaggedRightRightskip=\skip61
\CenteringParfillskip=\skip62
\RaggedLeftParfillskip=\skip63
\RaggedRightParfillskip=\skip64
\JustifyingParfillskip=\skip65
\CenteringParindent=\skip66
\RaggedLeftParindent=\skip67
\RaggedRightParindent=\skip68
\JustifyingParindent=\skip69
) (C:\Users\liz-1\OneDrive\Escritorio\MikTeex\tex/latex/ulem\ulem.sty
\UL@box=\box101
\UL@hyphenbox=\box102
\UL@skip=\skip70
\UL@hook=\toks27
\UL@height=\dimen166
\UL@pe=\count298
\UL@pixel=\dimen167
\ULC@box=\box103
Package: ulem 2019/11/18
\ULdepth=\dimen168
) (C:\Users\liz-1\OneDrive\Escritorio\MikTeex\tex/latex/jknappen\mathrsfs.sty
Package: mathrsfs 1996/01/01 Math RSFS package v1.0 (jk)
\symrsfs=\mathgroup6
) (C:\Users\liz-1\OneDrive\Escritorio\MikTeex\tex/latex/tools\verbatim.sty
Package: verbatim 2022-07-02 v1.5u LaTeX2e package for verbatim enhancements
\every@verbatim=\toks28
\verbatim@line=\toks29
\verbatim@in@stream=\read3
) (C:\Users\liz-1\OneDrive\Escritorio\MikTeex\tex/latex/listings\listings.sty
\lst@mode=\count299
\lst@gtempboxa=\box104
\lst@token=\toks30
\lst@length=\count300
\lst@currlwidth=\dimen169
\lst@column=\count301
\lst@pos=\count302
\lst@lostspace=\dimen170
\lst@width=\dimen171
\lst@newlines=\count303
\lst@lineno=\count304
\lst@maxwidth=\dimen172
 (C:\Users\liz-1\OneDrive\Escritorio\MikTeex\tex/latex/listings\lstmisc.sty
File: lstmisc.sty 2023/02/27 1.9 (Carsten Heinz)
\c@lstnumber=\count305
\lst@skipnumbers=\count306
\lst@framebox=\box105
) (C:\Users\liz-1\OneDrive\Escritorio\MikTeex\tex/latex/listings\listings.cfg
File: listings.cfg 2023/02/27 1.9 listings configuration
))
Package: listings 2023/02/27 1.9 (Carsten Heinz)
 (C:\Users\liz-1\OneDrive\Escritorio\MikTeex\tex/latex/l3backend\l3backend-pdftex.def
File: l3backend-pdftex.def 2023-11-09 L3 backend support: PDF output (pdfTeX)
\l__color_backend_stack_int=\count307
\l__pdf_internal_box=\box106
) (c:\Users\liz-1\OneDrive\Escritorio\Cálculo y Geometría diferencial\build\Laboratorio.aux
LaTeX Info: Redefining \. on input line 11.
LaTeX Info: Redefining \% on input line 11.
)
\openout1 = `Laboratorio.aux'.

LaTeX Font Info:    Checking defaults for OML/cmm/m/it on input line 21.
LaTeX Font Info:    ... okay on input line 21.
LaTeX Font Info:    Checking defaults for OMS/cmsy/m/n on input line 21.
LaTeX Font Info:    ... okay on input line 21.
LaTeX Font Info:    Checking defaults for OT1/cmr/m/n on input line 21.
LaTeX Font Info:    ... okay on input line 21.
LaTeX Font Info:    Checking defaults for T1/cmr/m/n on input line 21.
LaTeX Font Info:    ... okay on input line 21.
LaTeX Font Info:    Checking defaults for TS1/cmr/m/n on input line 21.
LaTeX Font Info:    ... okay on input line 21.
LaTeX Font Info:    Checking defaults for OMX/cmex/m/n on input line 21.
LaTeX Font Info:    ... okay on input line 21.
LaTeX Font Info:    Checking defaults for U/cmr/m/n on input line 21.
LaTeX Font Info:    ... okay on input line 21.
LaTeX Font Info:    Checking defaults for PD1/pdf/m/n on input line 21.
LaTeX Font Info:    ... okay on input line 21.
LaTeX Font Info:    Checking defaults for PU/pdf/m/n on input line 21.
LaTeX Font Info:    ... okay on input line 21.
 (C:\Users\liz-1\OneDrive\Escritorio\MikTeex\tex/context/base/mkii\supp-pdf.mkii
[Loading MPS to PDF converter (version 2006.09.02).]
\scratchcounter=\count308
\scratchdimen=\dimen173
\scratchbox=\box107
\nofMPsegments=\count309
\nofMParguments=\count310
\everyMPshowfont=\toks31
\MPscratchCnt=\count311
\MPscratchDim=\dimen174
\MPnumerator=\count312
\makeMPintoPDFobject=\count313
\everyMPtoPDFconversion=\toks32
) (C:\Users\liz-1\OneDrive\Escritorio\MikTeex\tex/latex/epstopdf-pkg\epstopdf-base.sty
Package: epstopdf-base 2020-01-24 v2.11 Base part for package epstopdf
Package epstopdf-base Info: Redefining graphics rule for `.eps' on input line 485.
 (C:\Users\liz-1\OneDrive\Escritorio\MikTeex\tex/latex/00miktex\epstopdf-sys.cfg
File: epstopdf-sys.cfg 2021/03/18 v2.0 Configuration of epstopdf for MiKTeX
))
LaTeX Info: Redefining \. on input line 21.
LaTeX Info: Redefining \% on input line 21.
Package hyperref Info: Link coloring OFF on input line 21.
 (c:\Users\liz-1\OneDrive\Escritorio\Cálculo y Geometría diferencial\build\Laboratorio.out) (c:\Users\liz-1\OneDrive\Escritorio\Cálculo y Geometría diferencial\build\Laboratorio.out)
\@outlinefile=\write3
\openout3 = `Laboratorio.out'.

\c@lstlisting=\count314
LaTeX Font Info:    Trying to load font information for U+msa on input line 25.
 (C:\Users\liz-1\OneDrive\Escritorio\MikTeex\tex/latex/amsfonts\umsa.fd
File: umsa.fd 2013/01/14 v3.01 AMS symbols A
)
LaTeX Font Info:    Trying to load font information for U+msb on input line 25.
 (C:\Users\liz-1\OneDrive\Escritorio\MikTeex\tex/latex/amsfonts\umsb.fd
File: umsb.fd 2013/01/14 v3.01 AMS symbols B
)
LaTeX Font Info:    Trying to load font information for U+rsfs on input line 25.
 (C:\Users\liz-1\OneDrive\Escritorio\MikTeex\tex/latex/jknappen\ursfs.fd
File: ursfs.fd 1998/03/24 rsfs font definition file (jk)
) [1

{C:/Users/liz-1/AppData/Local/MiKTeX/fonts/map/pdftex/pdftex.map}]
<trigo.PNG, id=11, 560.8453pt x 158.84344pt>
File: trigo.PNG Graphic file (type png)
<use trigo.PNG>
Package pdftex.def Info: trigo.PNG  used on input line 49.
(pdftex.def)             Requested size: 336.50978pt x 95.3068pt.
<miFuncion.PNG, id=13, 561.59813pt x 160.34906pt>
File: miFuncion.PNG Graphic file (type png)
<use miFuncion.PNG>
Package pdftex.def Info: miFuncion.PNG  used on input line 57.
(pdftex.def)             Requested size: 336.96147pt x 96.21017pt.

pdfTeX warning (ext4): destination with the same identifier (name{page.1}) has been already used, duplicate ignored
<to be read again> 
                   \relax 
l.60 \newpage
              [1 <./trigo.PNG> <./miFuncion.PNG>]
<Lfuncion.PNG, id=26, 562.35094pt x 159.59625pt>
File: Lfuncion.PNG Graphic file (type png)
<use Lfuncion.PNG>
Package pdftex.def Info: Lfuncion.PNG  used on input line 66.
(pdftex.def)             Requested size: 337.41316pt x 95.75847pt.
<Valores.PNG, id=27, 563.10374pt x 275.52937pt>
File: Valores.PNG Graphic file (type png)
<use Valores.PNG>
Package pdftex.def Info: Valores.PNG  used on input line 77.
(pdftex.def)             Requested size: 337.86485pt x 165.3189pt.
 [2 <./Lfuncion.PNG> <./Valores.PNG>]
<deriv.PNG, id=38, 563.10374pt x 404.26031pt>
File: deriv.PNG Graphic file (type png)
<use deriv.PNG>
Package pdftex.def Info: deriv.PNG  used on input line 109.
(pdftex.def)             Requested size: 337.86485pt x 242.55806pt.
 [3 <./deriv.PNG>]
<anonima.PNG, id=46, 563.85657pt x 258.9675pt>
File: anonima.PNG Graphic file (type png)
<use anonima.PNG>
Package pdftex.def Info: anonima.PNG  used on input line 141.
(pdftex.def)             Requested size: 338.31654pt x 155.38168pt.
<Grafun.PNG, id=47, 707.64375pt x 325.215pt>
File: Grafun.PNG Graphic file (type png)
<use Grafun.PNG>
Package pdftex.def Info: Grafun.PNG  used on input line 148.
(pdftex.def)             Requested size: 353.82101pt x 162.6071pt.

Overfull \hbox (8.82101pt too wide) in paragraph at lines 148--149
 [][] 
 []

[4 <./anonima.PNG> <./Grafun.PNG>]
<area.PNG, id=54, 563.10374pt x 419.31656pt>
File: area.PNG Graphic file (type png)
<use area.PNG>
Package pdftex.def Info: area.PNG  used on input line 159.
(pdftex.def)             Requested size: 337.86485pt x 251.59186pt.
<raices.PNG, id=55, 560.8453pt x 271.76532pt>
File: raices.PNG Graphic file (type png)
<use raices.PNG>
Package pdftex.def Info: raices.PNG  used on input line 172.
(pdftex.def)             Requested size: 336.50978pt x 163.06044pt.
 [5 <./area.PNG> <./raices.PNG>]
<puntosx.PNG, id=62, 561.59813pt x 319.1925pt>
File: puntosx.PNG Graphic file (type png)
<use puntosx.PNG>
Package pdftex.def Info: puntosx.PNG  used on input line 187.
(pdftex.def)             Requested size: 336.96147pt x 191.51697pt.
<gfuncion.PNG, id=63, 560.8453pt x 132.495pt>
File: gfuncion.PNG Graphic file (type png)
<use gfuncion.PNG>
Package pdftex.def Info: gfuncion.PNG  used on input line 198.
(pdftex.def)             Requested size: 336.50978pt x 79.49759pt.
<derivas.PNG, id=64, 549.55313pt x 534.49687pt>
File: derivas.PNG Graphic file (type png)
<use derivas.PNG>
Package pdftex.def Info: derivas.PNG  used on input line 205.
(pdftex.def)             Requested size: 329.73442pt x 320.70059pt.
 [6 <./puntosx.PNG> <./gfuncion.PNG>] [7 <./derivas.PNG>]
<tercerord.PNG, id=78, 547.2947pt x 568.37344pt>
File: tercerord.PNG Graphic file (type png)
<use tercerord.PNG>
Package pdftex.def Info: tercerord.PNG  used on input line 218.
(pdftex.def)             Requested size: 328.37935pt x 341.02669pt.
 [8 <./tercerord.PNG>]
<punto3.PNG, id=84, 561.59813pt x 418.56375pt>
File: punto3.PNG Graphic file (type png)
<use punto3.PNG>
Package pdftex.def Info: punto3.PNG  used on input line 245.
(pdftex.def)             Requested size: 336.96147pt x 251.14018pt.
 [9 <./punto3.PNG>]
<fig1.PNG, id=90, 420.06938pt x 377.15906pt>
File: fig1.PNG Graphic file (type png)
<use fig1.PNG>
Package pdftex.def Info: fig1.PNG  used on input line 263.
(pdftex.def)             Requested size: 252.04358pt x 226.29718pt.
<fig2.PNG, id=91, 419.31656pt x 376.40625pt>
File: fig2.PNG Graphic file (type png)
<use fig2.PNG>
Package pdftex.def Info: fig2.PNG  used on input line 270.
(pdftex.def)             Requested size: 251.59186pt x 225.84547pt.
 [10 <./fig1.PNG> <./fig2.PNG>]
<fig3.PNG, id=98, 420.06938pt x 377.91188pt>
File: fig3.PNG Graphic file (type png)
<use fig3.PNG>
Package pdftex.def Info: fig3.PNG  used on input line 280.
(pdftex.def)             Requested size: 252.04358pt x 226.74887pt.
 [11 <./fig3.PNG>]
<para.PNG, id=105, 807.7678pt x 398.99063pt>
File: para.PNG Graphic file (type png)
<use para.PNG>
Package pdftex.def Info: para.PNG  used on input line 302.
(pdftex.def)             Requested size: 403.8829pt x 199.49483pt.

Overfull \hbox (58.8829pt too wide) in paragraph at lines 302--303
 [][] 
 []

<rec.PNG, id=106, 909.3975pt x 414.04688pt>
File: rec.PNG Graphic file (type png)
<use rec.PNG>
Package pdftex.def Info: rec.PNG  used on input line 315.
(pdftex.def)             Requested size: 454.69765pt x 207.02292pt.

Overfull \hbox (109.69765pt too wide) in paragraph at lines 315--316
 [][] 
 []

[12 <./para.PNG> <./rec.PNG>]
<sol.PNG, id=114, 417.81094pt x 376.40625pt>
File: sol.PNG Graphic file (type png)
<use sol.PNG>
Package pdftex.def Info: sol.PNG  used on input line 325.
(pdftex.def)             Requested size: 208.90495pt x 188.20265pt.
 [13 <./sol.PNG>]
<fi.PNG, id=120, 966.61125pt x 405.76593pt>
File: fi.PNG Graphic file (type png)
<use fi.PNG>
Package pdftex.def Info: fi.PNG  used on input line 359.
(pdftex.def)             Requested size: 386.63765pt x 162.3035pt.

Overfull \hbox (41.63765pt too wide) in paragraph at lines 359--360
 [][] 
 []

<se.PNG, id=121, 707.64375pt x 386.94562pt>
File: se.PNG Graphic file (type png)
<use se.PNG>
Package pdftex.def Info: se.PNG  used on input line 370.
(pdftex.def)             Requested size: 283.05249pt x 154.7755pt.
[14 <./fi.PNG> <./se.PNG>]
<tri.PNG, id=128, 971.88094pt x 393.72093pt>
File: tri.PNG Graphic file (type png)
<use tri.PNG>
Package pdftex.def Info: tri.PNG  used on input line 381.
(pdftex.def)             Requested size: 388.74548pt x 157.48558pt.

Overfull \hbox (43.74548pt too wide) in paragraph at lines 381--382
 [][] 
 []

<Last.PNG, id=129, 418.56375pt x 374.90062pt>
File: Last.PNG Graphic file (type png)
<use Last.PNG>
Package pdftex.def Info: Last.PNG  used on input line 392.
(pdftex.def)             Requested size: 251.14018pt x 224.94211pt.
[15 <./tri.PNG> <./Last.PNG>]
<conver.PNG, id=136, 375.65344pt x 412.54124pt>
File: conver.PNG Graphic file (type png)
<use conver.PNG>
Package pdftex.def Info: conver.PNG  used on input line 415.
(pdftex.def)             Requested size: 225.3938pt x 247.52666pt.
 [16 <./conver.PNG>]
<aca.PNG, id=142, 374.14781pt x 381.67593pt>
File: aca.PNG Graphic file (type png)
<use aca.PNG>
Package pdftex.def Info: aca.PNG  used on input line 426.
(pdftex.def)             Requested size: 224.4904pt x 229.00732pt.
<ñ.PNG, id=143, 980.91469pt x 560.8453pt>
File: ñ.PNG Graphic file (type png)
<use ñ.PNG>
Package pdftex.def Info: ñ.PNG  used on input line 435.
(pdftex.def)             Requested size: 294.27667pt x 168.25488pt.
 [17 <./aca.PNG> <./ñ.PNG>] (c:\Users\liz-1\OneDrive\Escritorio\Cálculo y Geometría diferencial\build\Laboratorio.aux
LaTeX Info: Redefining \. on input line 11.
LaTeX Info: Redefining \% on input line 11.
)
 ***********
LaTeX2e <2023-11-01>
L3 programming layer <2023-11-09>
 ***********
Package rerunfilecheck Info: File `Laboratorio.out' has not changed.
(rerunfilecheck)             Checksum: D41D8CD98F00B204E9800998ECF8427E;0.
 ) 
Here is how much of TeX's memory you used:
 13513 strings out of 474586
 210129 string characters out of 5746711
 1929558 words of memory out of 5000000
 35494 multiletter control sequences out of 15000+600000
 566461 words of font info for 72 fonts, out of 8000000 for 9000
 1141 hyphenation exceptions out of 8191
 75i,7n,79p,329b,544s stack positions out of 10000i,1000n,20000p,200000b,200000s
<C:/Users/liz-1/OneDrive/Escritorio/MikTeex/fonts/type1/public/amsfonts/cm/cmbx10.pfb><C:/Users/liz-1/OneDrive/Escritorio/MikTeex/fonts/type1/public/amsfonts/cm/cmmi10.pfb><C:/Users/liz-1/OneDrive/Escritorio/MikTeex/fonts/type1/public/amsfonts/cm/cmr10.pfb><C:/Users/liz-1/OneDrive/Escritorio/MikTeex/fonts/type1/public/amsfonts/cm/cmr12.pfb><C:/Users/liz-1/OneDrive/Escritorio/MikTeex/fonts/type1/public/amsfonts/cm/cmr17.pfb><C:/Users/liz-1/OneDrive/Escritorio/MikTeex/fonts/type1/public/amsfonts/cm/cmr7.pfb><C:/Users/liz-1/OneDrive/Escritorio/MikTeex/fonts/type1/public/amsfonts/cm/cmsy10.pfb><C:/Users/liz-1/OneDrive/Escritorio/MikTeex/fonts/type1/public/amsfonts/cm/cmti10.pfb>
Output written on "c:\Users\liz-1\OneDrive\Escritorio\Cálculo y Geometría diferencial\build\Laboratorio.pdf" (18 pages, 744393 bytes).
PDF statistics:
 191 PDF objects out of 1000 (max. 8388607)
 28 named destinations out of 1000 (max. 500000)
 136 words of extra memory for PDF output out of 10000 (max. 10000000)

